This is pdfTeX, Version 3.141592653-2.6-1.40.27 (MiKTeX 25.4) (preloaded format=pdflatex 2025.9.7)  8 SEP 2025 14:48
entering extended mode
 restricted \write18 enabled.
 %&-line parsing enabled.
**./13-creating-a-macro-for-formatting-keywords.tex
(13-creating-a-macro-for-formatting-keywords.tex
LaTeX2e <2025-06-01> patch level 1
L3 programming layer <2025-08-13>

(C:\Users\Electronics Engineer\AppData\Local\Programs\MiKTeX\tex/latex/base\art
icle.cls
Document Class: article 2025/01/22 v1.4n Standard LaTeX document class

(C:\Users\Electronics Engineer\AppData\Local\Programs\MiKTeX\tex/latex/base\siz
e10.clo
File: size10.clo 2025/01/22 v1.4n Standard LaTeX file (size option)
)
\c@part=\count275
\c@section=\count276
\c@subsection=\count277
\c@subsubsection=\count278
\c@paragraph=\count279
\c@subparagraph=\count280
\c@figure=\count281
\c@table=\count282
\abovecaptionskip=\skip49
\belowcaptionskip=\skip50
\bibindent=\dimen148
)
(C:\Users\Electronics Engineer\AppData\Local\Programs\MiKTeX\tex/latex/l3backen
d\l3backend-pdftex.def
File: l3backend-pdftex.def 2025-06-09 L3 backend support: PDF output (pdfTeX)
\l__color_backend_stack_int=\count283
)
No file 13-creating-a-macro-for-formatting-keywords.aux.
\openout1 = `13-creating-a-macro-for-formatting-keywords.aux'.

LaTeX Font Info:    Checking defaults for OML/cmm/m/it on input line 3.
LaTeX Font Info:    ... okay on input line 3.
LaTeX Font Info:    Checking defaults for OMS/cmsy/m/n on input line 3.
LaTeX Font Info:    ... okay on input line 3.
LaTeX Font Info:    Checking defaults for OT1/cmr/m/n on input line 3.
LaTeX Font Info:    ... okay on input line 3.
LaTeX Font Info:    Checking defaults for T1/cmr/m/n on input line 3.
LaTeX Font Info:    ... okay on input line 3.
LaTeX Font Info:    Checking defaults for TS1/cmr/m/n on input line 3.
LaTeX Font Info:    ... okay on input line 3.
LaTeX Font Info:    Checking defaults for OMX/cmex/m/n on input line 3.
LaTeX Font Info:    ... okay on input line 3.
LaTeX Font Info:    Checking defaults for U/cmr/m/n on input line 3.
LaTeX Font Info:    ... okay on input line 3.


[1

{C:/Users/Electronics Engineer/AppData/Local/MiKTeX/fonts/map/pdftex/pdftex.map
}] (13-creating-a-macro-for-formatting-keywords.aux)
 ***********
LaTeX2e <2025-06-01> patch level 1
L3 programming layer <2025-08-13>
 ***********
 ) 
Here is how much of TeX's memory you used:
 426 strings out of 468132
 8518 string characters out of 5423396
 427301 words of memory out of 5000000
 29127 multiletter control sequences out of 15000+600000
 627133 words of font info for 41 fonts, out of 8000000 for 9000
 1141 hyphenation exceptions out of 8191
 35i,5n,38p,203b,116s stack positions out of 10000i,1000n,20000p,200000b,200000s
<C:/Users/Electronics Engineer/AppData/Local/Programs/MiKTeX/fonts/type1/publ
ic/amsfonts/cm/cmbx10.pfb><C:/Users/Electronics Engineer/AppData/Local/Programs
/MiKTeX/fonts/type1/public/amsfonts/cm/cmr10.pfb>
Output written on 13-creating-a-macro-for-formatting-keywords.pdf (1 page, 2782
4 bytes).
PDF statistics:
 16 PDF objects out of 1000 (max. 8388607)
 0 named destinations out of 1000 (max. 500000)
 1 words of extra memory for PDF output out of 10000 (max. 10000000)

